[2026-01-17 01:36:08,861] 1025 httpx - INFO - HTTP Request: GET https://dagshub.com/api/v1/user "HTTP/1.1 200 OK"
[2026-01-17 01:36:08,869] 107 dagshub - INFO - Accessing as kshitizxzz
[2026-01-17 01:36:09,852] 1025 httpx - INFO - HTTP Request: GET https://dagshub.com/api/v1/repos/kshitizxzz/networksecurity "HTTP/1.1 200 OK"
[2026-01-17 01:36:10,856] 1025 httpx - INFO - HTTP Request: GET https://dagshub.com/api/v1/user "HTTP/1.1 200 OK"
[2026-01-17 01:36:10,859] 107 dagshub - INFO - Initialized MLflow to track repo "kshitizxzz/networksecurity"
[2026-01-17 01:36:10,859] 107 dagshub - INFO - Repository kshitizxzz/networksecurity initialized!
[2026-01-17 01:36:10,868] 19 root - INFO - Initiate the data ingestion
[2026-01-17 01:36:14,444] 59 root - INFO - performed train test split on the dataframe
[2026-01-17 01:36:14,444] 60 root - INFO - exited split data as train_test_split method of Data_Ingestion class
[2026-01-17 01:36:14,444] 64 root - INFO - Exporting train and test file path
[2026-01-17 01:36:14,480] 72 root - INFO - exported train and test file path
[2026-01-17 01:36:14,480] 22 root - INFO - Data Inititation Completed
[2026-01-17 01:36:14,482] 25 root - INFO - Initiate data validation
[2026-01-17 01:36:14,493] 106 root - INFO - Required number of columns : 31
[2026-01-17 01:36:14,493] 107 root - INFO - Dataframe has columns : 31
[2026-01-17 01:36:14,493] 106 root - INFO - Required number of columns : 31
[2026-01-17 01:36:14,493] 107 root - INFO - Dataframe has columns : 31
[2026-01-17 01:36:14,611] 27 root - INFO - data validation completed
[2026-01-17 01:36:14,611] 30 root - INFO - data transformation started
[2026-01-17 01:36:14,611] 67 root - INFO - entered initiate_data_Transformation of DataTransformation class
[2026-01-17 01:36:14,611] 69 root - INFO - starting data transformation
[2026-01-17 01:36:14,622] 50 root - INFO - Enter get_data_transformer_object method of Transformation class
[2026-01-17 01:36:14,622] 56 root - INFO - Initialize KNNImputer with {'missing_values': nan, 'n_neighbors': 3, 'weights': 'uniform'}
[2026-01-17 01:36:14,631] 50 root - INFO - entered the save_object method of MainUtils class
[2026-01-17 01:36:14,639] 54 root - INFO - Exited the save_object method of MainUtils class
[2026-01-17 01:36:14,640] 34 root - INFO - data transformation is completed
[2026-01-17 01:36:14,640] 36 root - INFO - Model training is started 
[2026-01-17 01:39:10,312] 50 root - INFO - entered the save_object method of MainUtils class
[2026-01-17 01:39:10,413] 54 root - INFO - Exited the save_object method of MainUtils class
[2026-01-17 01:39:10,413] 50 root - INFO - entered the save_object method of MainUtils class
[2026-01-17 01:39:10,498] 54 root - INFO - Exited the save_object method of MainUtils class
[2026-01-17 01:39:10,498] 147 root - INFO - Model trainer artifact: ModelTrainerArtifact(trained_model_file_path='Artifacts/36_17_2026_01_36_05/model_trainer/trained_model/model.pkl', train_metric_artifact=ClassificationMetricArtifact(f1_score=0.9913411196133709, precision_score=0.9897466827503015, recall_score=0.9929407018959258), test_metric_artifact=ClassificationMetricArtifact(f1_score=0.9718543046357616, precision_score=0.9646672144617913, recall_score=0.9791492910758965))
[2026-01-17 01:39:10,500] 41 root - INFO - Model Training Artifact Completed
