[2026-01-17 01:42:50,804] 1025 httpx - INFO - HTTP Request: GET https://dagshub.com/api/v1/user "HTTP/1.1 200 OK"
[2026-01-17 01:42:50,818] 107 dagshub - INFO - Accessing as kshitizxzz
[2026-01-17 01:42:51,815] 1025 httpx - INFO - HTTP Request: GET https://dagshub.com/api/v1/repos/kshitizxzz/networksecurity "HTTP/1.1 200 OK"
[2026-01-17 01:42:52,743] 1025 httpx - INFO - HTTP Request: GET https://dagshub.com/api/v1/user "HTTP/1.1 200 OK"
[2026-01-17 01:42:52,746] 107 dagshub - INFO - Initialized MLflow to track repo "kshitizxzz/networksecurity"
[2026-01-17 01:42:52,746] 107 dagshub - INFO - Repository kshitizxzz/networksecurity initialized!
[2026-01-17 01:42:52,762] 19 root - INFO - Initiate the data ingestion
[2026-01-17 01:42:55,702] 59 root - INFO - performed train test split on the dataframe
[2026-01-17 01:42:55,702] 60 root - INFO - exited split data as train_test_split method of Data_Ingestion class
[2026-01-17 01:42:55,702] 64 root - INFO - Exporting train and test file path
[2026-01-17 01:42:55,740] 72 root - INFO - exported train and test file path
[2026-01-17 01:42:55,740] 22 root - INFO - Data Inititation Completed
[2026-01-17 01:42:55,742] 25 root - INFO - Initiate data validation
[2026-01-17 01:42:55,754] 106 root - INFO - Required number of columns : 31
[2026-01-17 01:42:55,754] 107 root - INFO - Dataframe has columns : 31
[2026-01-17 01:42:55,754] 106 root - INFO - Required number of columns : 31
[2026-01-17 01:42:55,754] 107 root - INFO - Dataframe has columns : 31
[2026-01-17 01:42:55,861] 27 root - INFO - data validation completed
[2026-01-17 01:42:55,861] 30 root - INFO - data transformation started
[2026-01-17 01:42:55,861] 67 root - INFO - entered initiate_data_Transformation of DataTransformation class
[2026-01-17 01:42:55,861] 69 root - INFO - starting data transformation
[2026-01-17 01:42:55,872] 50 root - INFO - Enter get_data_transformer_object method of Transformation class
[2026-01-17 01:42:55,872] 56 root - INFO - Initialize KNNImputer with {'missing_values': nan, 'n_neighbors': 3, 'weights': 'uniform'}
[2026-01-17 01:42:55,876] 50 root - INFO - entered the save_object method of MainUtils class
[2026-01-17 01:42:55,877] 54 root - INFO - Exited the save_object method of MainUtils class
[2026-01-17 01:42:55,877] 50 root - INFO - entered the save_object method of MainUtils class
[2026-01-17 01:42:55,878] 54 root - INFO - Exited the save_object method of MainUtils class
[2026-01-17 01:42:55,879] 34 root - INFO - data transformation is completed
[2026-01-17 01:42:55,879] 36 root - INFO - Model training is started 
[2026-01-17 01:45:56,840] 50 root - INFO - entered the save_object method of MainUtils class
[2026-01-17 01:45:56,994] 54 root - INFO - Exited the save_object method of MainUtils class
[2026-01-17 01:45:56,994] 50 root - INFO - entered the save_object method of MainUtils class
[2026-01-17 01:45:57,168] 54 root - INFO - Exited the save_object method of MainUtils class
[2026-01-17 01:45:57,168] 147 root - INFO - Model trainer artifact: ModelTrainerArtifact(trained_model_file_path='Artifacts/42_17_2026_01_42_48/model_trainer/trained_model/model.pkl', train_metric_artifact=ClassificationMetricArtifact(f1_score=0.9910128243966475, precision_score=0.9895140149223633, recall_score=0.9925161812297735), test_metric_artifact=ClassificationMetricArtifact(f1_score=0.9753896636587367, precision_score=0.9706122448979592, recall_score=0.9802143446001649))
[2026-01-17 01:45:57,172] 41 root - INFO - Model Training Artifact Completed
