[2026-01-17 17:39:23,646] 1025 httpx - INFO - HTTP Request: GET https://dagshub.com/api/v1/user "HTTP/1.1 200 OK"
[2026-01-17 17:39:23,649] 107 dagshub - INFO - Accessing as kshitizxzz
[2026-01-17 17:39:24,593] 1025 httpx - INFO - HTTP Request: GET https://dagshub.com/api/v1/repos/kshitizxzz/networksecurity "HTTP/1.1 200 OK"
[2026-01-17 17:39:25,501] 1025 httpx - INFO - HTTP Request: GET https://dagshub.com/api/v1/user "HTTP/1.1 200 OK"
[2026-01-17 17:39:25,502] 107 dagshub - INFO - Initialized MLflow to track repo "kshitizxzz/networksecurity"
[2026-01-17 17:39:25,503] 107 dagshub - INFO - Repository kshitizxzz/networksecurity initialized!
[2026-01-17 17:51:34,390] 42 root - INFO - Start data Ingestion
[2026-01-17 17:51:36,615] 59 root - INFO - performed train test split on the dataframe
[2026-01-17 17:51:36,615] 60 root - INFO - exited split data as train_test_split method of Data_Ingestion class
[2026-01-17 17:51:36,615] 64 root - INFO - Exporting train and test file path
[2026-01-17 17:51:36,653] 72 root - INFO - exported train and test file path
[2026-01-17 17:51:36,653] 45 root - INFO - Data Ingestion completed and artifact: DataIngestionArtifact(trained_file_path='Artifacts/39_17_2026_17_39_21/data_ingestion/ingested/train.csv', test_file_path='Artifacts/39_17_2026_17_39_21/data_ingestion/ingested/test.csv')
[2026-01-17 17:51:36,656] 55 root - INFO - Initiate the data Validation
[2026-01-17 17:51:36,669] 106 root - INFO - Required number of columns : 31
[2026-01-17 17:51:36,669] 107 root - INFO - Dataframe has columns : 31
[2026-01-17 17:51:36,669] 106 root - INFO - Required number of columns : 31
[2026-01-17 17:51:36,669] 107 root - INFO - Dataframe has columns : 31
[2026-01-17 17:51:36,817] 67 root - INFO - entered initiate_data_Transformation of DataTransformation class
[2026-01-17 17:51:36,817] 69 root - INFO - starting data transformation
[2026-01-17 17:51:36,850] 50 root - INFO - Enter get_data_transformer_object method of Transformation class
[2026-01-17 17:51:36,850] 56 root - INFO - Initialize KNNImputer with {'missing_values': nan, 'n_neighbors': 3, 'weights': 'uniform'}
[2026-01-17 17:51:36,860] 50 root - INFO - entered the save_object method of MainUtils class
[2026-01-17 17:51:36,863] 54 root - INFO - Exited the save_object method of MainUtils class
[2026-01-17 17:51:36,863] 50 root - INFO - entered the save_object method of MainUtils class
[2026-01-17 17:51:36,864] 54 root - INFO - Exited the save_object method of MainUtils class
[2026-01-17 17:54:18,686] 50 root - INFO - entered the save_object method of MainUtils class
[2026-01-17 17:54:18,702] 54 root - INFO - Exited the save_object method of MainUtils class
[2026-01-17 17:54:18,702] 50 root - INFO - entered the save_object method of MainUtils class
[2026-01-17 17:54:18,720] 54 root - INFO - Exited the save_object method of MainUtils class
[2026-01-17 17:54:18,720] 147 root - INFO - Model trainer artifact: ModelTrainerArtifact(trained_model_file_path='Artifacts/39_17_2026_17_39_21/model_trainer/trained_model/model.pkl', train_metric_artifact=ClassificationMetricArtifact(f1_score=0.9911290322580645, precision_score=0.9877436206550131, recall_score=0.9945377301234068), test_metric_artifact=ClassificationMetricArtifact(f1_score=0.9772727272727273, precision_score=0.9632, recall_score=0.9917627677100495))
